<?xml version="1.0" encoding="UTF-8"?>
<testsuite name="searchengine.QueryHandlerTest" tests="4" skipped="0" failures="0" errors="0" timestamp="2022-12-18T13:04:20" hostname="LAPTOP-H0K0U6MD" time="0.063">
  <properties/>
  <testcase name="getMatchingWebPages_TwoSearchTerms_TwoResults_ForAn_OR_search()" classname="searchengine.QueryHandlerTest" time="0.047"/>
  <testcase name="getMatchingWebPages_TwoSearchTerms_OneResult_ForAn_AND_search()" classname="searchengine.QueryHandlerTest" time="0.006"/>
  <testcase name="getMatchingWebPages_OneSearchTerm_TwoResults()" classname="searchengine.QueryHandlerTest" time="0.002"/>
  <testcase name="getMatchingWebPages_OneSearchTerm_OneResult()" classname="searchengine.QueryHandlerTest" time="0.002"/>
  <system-out><![CDATA[]]></system-out>
  <system-err><![CDATA[]]></system-err>
</testsuite>
