<?xml version="1.0" encoding="UTF-8"?>
<testsuite name="searchengine.InvertedIndexTest" tests="5" skipped="0" failures="0" errors="0" timestamp="2022-12-18T13:04:20" hostname="LAPTOP-H0K0U6MD" time="0.027">
  <properties/>
  <testcase name="wordDoesNotExist()" classname="searchengine.InvertedIndexTest" time="0.002"/>
  <testcase name="equalsWorkForPageInfo()" classname="searchengine.InvertedIndexTest" time="0.006"/>
  <testcase name="specificWordCountWorks()" classname="searchengine.InvertedIndexTest" time="0.004"/>
  <testcase name="wordExist()" classname="searchengine.InvertedIndexTest" time="0.003"/>
  <testcase name="pageWordCount()" classname="searchengine.InvertedIndexTest" time="0.001"/>
  <system-out><![CDATA[]]></system-out>
  <system-err><![CDATA[]]></system-err>
</testsuite>
