<?xml version="1.0" encoding="UTF-8"?>
<testsuite name="searchengine.CalculatorTest" tests="3" skipped="0" failures="0" errors="0" timestamp="2022-12-18T13:04:19" hostname="LAPTOP-H0K0U6MD" time="0.125">
  <properties/>
  <testcase name="finalFrequency_resultCorrespondsToFormula()" classname="searchengine.CalculatorTest" time="0.116"/>
  <testcase name="inverseFrequency_resultCorrespondsToFormula()" classname="searchengine.CalculatorTest" time="0.001"/>
  <testcase name="termFrequency_resultCorrespondsToFormula()" classname="searchengine.CalculatorTest" time="0.003"/>
  <system-out><![CDATA[]]></system-out>
  <system-err><![CDATA[]]></system-err>
</testsuite>
